<?xml version="1.0" encoding="UTF-8"?>
<!-- Generated by org.testng.reporters.JUnitReportReporter -->
<testsuite hostname="LAPTOP-C8FU4M02" failures="0" tests="1" name="Testingng.Firsttestng" time="0.025" errors="0" timestamp="2022-04-21T17:03:39 IST" skipped="0">
  <testcase classname="Testingng.Firsttestng" name="test" time="0.025"/>
  <system-out/>
</testsuite> <!-- Testingng.Firsttestng -->
