<?xml version="1.0" encoding="UTF-8"?>
<!-- Generated by org.testng.reporters.JUnitReportReporter -->
<testsuite hostname="LAPTOP-C8FU4M02" failures="0" tests="2" name="testrunner.TestRunner" time="48.182" errors="0" timestamp="2022-04-27T20:13:49 IST" skipped="0">
  <testcase classname="testrunner.TestRunner" name="runScenario" time="25.738"/>
  <system-out/>
  <testcase classname="testrunner.TestRunner" name="runScenario" time="22.444"/>
  <system-out/>
</testsuite> <!-- testrunner.TestRunner -->
